<?xml version="1.0" encoding="UTF-8"?>
<!-- Generated by org.testng.reporters.JUnitReportReporter -->
<testsuite hostname="LAPTOP-BB1643J4" failures="0" tests="1" name="testLayer.LoginTestPage" time="4.217" errors="0" timestamp="2022-04-09T21:57:27 IST" skipped="0">
  <testcase classname="testLayer.LoginTestPage" name="verifyLoginPage" time="4.217"/>
  <system-out/>
</testsuite> <!-- testLayer.LoginTestPage -->
