<?xml version="1.0" encoding="UTF-8"?>
<!-- Generated by org.testng.reporters.JUnitReportReporter -->
<testsuite hostname="LAPTOP-BB1643J4" failures="0" tests="1" name="testLayer.ReportTestPage" time="4.148" errors="0" timestamp="2022-04-10T09:11:48 IST" skipped="0">
  <testcase classname="testLayer.ReportTestPage" name="setReport" time="4.148"/>
  <system-out/>
</testsuite> <!-- testLayer.ReportTestPage -->
